[0.845s] Invoking command in '/sim_ws/src/f1tenth_gym_ros': PYTHONPATH=/sim_ws/src/f1tenth_gym_ros/install/f1tenth_gym_ros/lib/python3.8/site-packages:${PYTHONPATH} /usr/bin/python3 setup.py egg_info --egg-base build/f1tenth_gym_ros build --build-base /sim_ws/src/f1tenth_gym_ros/build/f1tenth_gym_ros/build install --prefix /sim_ws/src/f1tenth_gym_ros/install/f1tenth_gym_ros --record /sim_ws/src/f1tenth_gym_ros/build/f1tenth_gym_ros/install.log --single-version-externally-managed
[1.078s] running egg_info
[1.082s] creating build/f1tenth_gym_ros/f1tenth_gym_ros.egg-info
[1.085s] writing build/f1tenth_gym_ros/f1tenth_gym_ros.egg-info/PKG-INFO
[1.092s] writing dependency_links to build/f1tenth_gym_ros/f1tenth_gym_ros.egg-info/dependency_links.txt
[1.096s] writing entry points to build/f1tenth_gym_ros/f1tenth_gym_ros.egg-info/entry_points.txt
[1.100s] writing requirements to build/f1tenth_gym_ros/f1tenth_gym_ros.egg-info/requires.txt
[1.105s] writing top-level names to build/f1tenth_gym_ros/f1tenth_gym_ros.egg-info/top_level.txt
[1.113s] writing manifest file 'build/f1tenth_gym_ros/f1tenth_gym_ros.egg-info/SOURCES.txt'
[1.175s] reading manifest file 'build/f1tenth_gym_ros/f1tenth_gym_ros.egg-info/SOURCES.txt'
[1.184s] writing manifest file 'build/f1tenth_gym_ros/f1tenth_gym_ros.egg-info/SOURCES.txt'
[1.187s] running build
[1.190s] running build_py
[1.193s] creating /sim_ws/src/f1tenth_gym_ros/build/f1tenth_gym_ros/build
[1.195s] creating /sim_ws/src/f1tenth_gym_ros/build/f1tenth_gym_ros/build/lib
[1.197s] creating /sim_ws/src/f1tenth_gym_ros/build/f1tenth_gym_ros/build/lib/f1tenth_gym_ros
[1.200s] copying f1tenth_gym_ros/__init__.py -> /sim_ws/src/f1tenth_gym_ros/build/f1tenth_gym_ros/build/lib/f1tenth_gym_ros
[1.207s] copying f1tenth_gym_ros/gym_bridge.py -> /sim_ws/src/f1tenth_gym_ros/build/f1tenth_gym_ros/build/lib/f1tenth_gym_ros
[1.217s] running install
[1.219s] running install_lib
[1.222s] creating /sim_ws/src/f1tenth_gym_ros/install/f1tenth_gym_ros/lib/python3.8/site-packages/f1tenth_gym_ros
[1.224s] copying /sim_ws/src/f1tenth_gym_ros/build/f1tenth_gym_ros/build/lib/f1tenth_gym_ros/__init__.py -> /sim_ws/src/f1tenth_gym_ros/install/f1tenth_gym_ros/lib/python3.8/site-packages/f1tenth_gym_ros
[1.233s] copying /sim_ws/src/f1tenth_gym_ros/build/f1tenth_gym_ros/build/lib/f1tenth_gym_ros/gym_bridge.py -> /sim_ws/src/f1tenth_gym_ros/install/f1tenth_gym_ros/lib/python3.8/site-packages/f1tenth_gym_ros
[1.247s] byte-compiling /sim_ws/src/f1tenth_gym_ros/install/f1tenth_gym_ros/lib/python3.8/site-packages/f1tenth_gym_ros/__init__.py to __init__.cpython-38.pyc
[1.259s] byte-compiling /sim_ws/src/f1tenth_gym_ros/install/f1tenth_gym_ros/lib/python3.8/site-packages/f1tenth_gym_ros/gym_bridge.py to gym_bridge.cpython-38.pyc
[1.272s] running install_data
[1.275s] creating /sim_ws/src/f1tenth_gym_ros/install/f1tenth_gym_ros/share/ament_index
[1.278s] creating /sim_ws/src/f1tenth_gym_ros/install/f1tenth_gym_ros/share/ament_index/resource_index
[1.282s] creating /sim_ws/src/f1tenth_gym_ros/install/f1tenth_gym_ros/share/ament_index/resource_index/packages
[1.286s] copying resource/f1tenth_gym_ros -> /sim_ws/src/f1tenth_gym_ros/install/f1tenth_gym_ros/share/ament_index/resource_index/packages
[1.299s] copying package.xml -> /sim_ws/src/f1tenth_gym_ros/install/f1tenth_gym_ros/share/f1tenth_gym_ros
[1.313s] creating /sim_ws/src/f1tenth_gym_ros/install/f1tenth_gym_ros/share/f1tenth_gym_ros/launch
[1.317s] copying launch/gym_bridge_launch.py -> /sim_ws/src/f1tenth_gym_ros/install/f1tenth_gym_ros/share/f1tenth_gym_ros/launch
[1.330s] copying launch/ego_racecar.xacro -> /sim_ws/src/f1tenth_gym_ros/install/f1tenth_gym_ros/share/f1tenth_gym_ros/launch
[1.345s] copying launch/opp_racecar.xacro -> /sim_ws/src/f1tenth_gym_ros/install/f1tenth_gym_ros/share/f1tenth_gym_ros/launch
[1.361s] copying launch/gym_bridge.rviz -> /sim_ws/src/f1tenth_gym_ros/install/f1tenth_gym_ros/share/f1tenth_gym_ros/launch
[1.376s] creating /sim_ws/src/f1tenth_gym_ros/install/f1tenth_gym_ros/share/f1tenth_gym_ros/config
[1.380s] copying config/sim.yaml -> /sim_ws/src/f1tenth_gym_ros/install/f1tenth_gym_ros/share/f1tenth_gym_ros/config
[1.394s] running install_egg_info
[1.399s] Copying build/f1tenth_gym_ros/f1tenth_gym_ros.egg-info to /sim_ws/src/f1tenth_gym_ros/install/f1tenth_gym_ros/lib/python3.8/site-packages/f1tenth_gym_ros-0.0.0-py3.8.egg-info
[1.477s] running install_scripts
[1.499s] Installing gym_bridge script to /sim_ws/src/f1tenth_gym_ros/install/f1tenth_gym_ros/lib/f1tenth_gym_ros
[1.507s] writing list of installed files to '/sim_ws/src/f1tenth_gym_ros/build/f1tenth_gym_ros/install.log'
[1.536s] Invoked command in '/sim_ws/src/f1tenth_gym_ros' returned '0': PYTHONPATH=/sim_ws/src/f1tenth_gym_ros/install/f1tenth_gym_ros/lib/python3.8/site-packages:${PYTHONPATH} /usr/bin/python3 setup.py egg_info --egg-base build/f1tenth_gym_ros build --build-base /sim_ws/src/f1tenth_gym_ros/build/f1tenth_gym_ros/build install --prefix /sim_ws/src/f1tenth_gym_ros/install/f1tenth_gym_ros --record /sim_ws/src/f1tenth_gym_ros/build/f1tenth_gym_ros/install.log --single-version-externally-managed
